Test LeNet


============== Input ==============


============== Output of conv1 ==============

total time: 5435

============== Output of Relu ==============

total time: 389

============== Output of pool1_AveragePool ==============

total time: 1108

============== Output of conv2 ==============

total time: 15751

============== Output of Relu_1 ==============

total time: 134

============== Output of pool2_AveragePool ==============

total time: 388

============== Output of conv3 ==============

total time: 32737

============== Output of Relu_2 ==============

total time: 10

============== Output of Flatten ==============


============== Output of fc1 ==============

total time: 376

============== Output of Relu_3 ==============

total time: 6

============== Output of fc2 ==============

total time: 29
Got 9, Expecting: 7
@@@@