Test LeNet


============== Input ==============


============== Output of conv1 ==============

total time: 9508

============== Output of Relu ==============

total time: 738

============== Output of pool1_AveragePool ==============

total time: 1856

============== Output of conv2 ==============

total time: 26844

============== Output of Relu_1 ==============

total time: 251

============== Output of pool2_AveragePool ==============

total time: 646

============== Output of conv3 ==============

total time: 55203

============== Output of Relu_2 ==============

total time: 19

============== Output of Flatten ==============


============== Output of fc1 ==============

total time: 640

============== Output of Relu_3 ==============

total time: 13

============== Output of fc2 ==============

total time: 50
Got 4, Expecting: 7
@@@@