Test LeNet


============== Input ==============


============== Output of conv1 ==============

total time: 9637

============== Output of Relu ==============

total time: 738

============== Output of pool1_AveragePool ==============

total time: 1856

============== Output of conv2 ==============

total time: 27407

============== Output of Relu_1 ==============

total time: 250

============== Output of pool2_AveragePool ==============

total time: 646

============== Output of conv3 ==============

total time: 50677

============== Output of Relu_2 ==============

total time: 19

============== Output of Flatten ==============


============== Output of fc1 ==============

total time: 666

============== Output of Relu_3 ==============

total time: 13

============== Output of fc2 ==============

total time: 51
Got 4, Expecting: 7
@@@@