Test LeNet


============== Input ==============


============== Output of conv1 ==============

total time: 10863

============== Output of Relu ==============

total time: 738

============== Output of pool1_AveragePool ==============

total time: 1855

============== Output of conv2 ==============

total time: 27719

============== Output of Relu_1 ==============

total time: 251

============== Output of pool2_AveragePool ==============

total time: 646

============== Output of conv3 ==============

total time: 45729

============== Output of Relu_2 ==============

total time: 19

============== Output of Flatten ==============


============== Output of fc1 ==============

total time: 666

============== Output of Relu_3 ==============

total time: 13

============== Output of fc2 ==============

total time: 52
Got 4, Expecting: 7
@@@@