============== Output of conv1 ==============

total time: 9699

============== Output of Relu ==============

total time: 738

============== Output of pool1_AveragePool ==============

total time: 1856

============== Output of conv2 ==============

total time: 27994

============== Output of Relu_1 ==============

total time: 251

============== Output of pool2_AveragePool ==============

total time: 646

============== Output of conv3 ==============

total time: 59268

============== Output of Relu_2 ==============

total time: 19

============== Output of Flatten ==============


============== Output of fc1 ==============

total time: 667

============== Output of Relu_3 ==============

total time: 13

============== Output of fc2 ==============

total time: 52