Test ResNet3

conv1_Conv total cycles (32767 Hz) (repeat=10): 29015
layer1_layer1_0_conv1_Conv total cycles (32767 Hz) (repeat=10): 95217
layer1_layer1_0_conv2_Conv total cycles (32767 Hz) (repeat=10): 95173
layer2_layer2_0_shortcut_shortcut_0_Conv total cycles (32767 Hz) (repeat=10): 31919
layer2_layer2_0_conv1_Conv total cycles (32767 Hz) (repeat=10): 107824
layer2_layer2_0_conv2_Conv total cycles (32767 Hz) (repeat=10): 116909
layer3_layer3_0_shortcut_shortcut_0_Conv total cycles (32767 Hz) (repeat=10): 43517
layer3_layer3_0_conv1_Conv total cycles (32767 Hz) (repeat=10): 142602
layer3_layer3_0_conv2_Conv total cycles (32767 Hz) (repeat=10): 160885
linear_Gemm total cycles (32767 Hz) (repeat=10): 23

total cycles (32767 Hz) (repeat=10): 823084

Test MobileNetV2

features_features_0_block_block_0_Conv total cycles (32767 Hz) (repeat=10): 65504
features_features_1_dw_conv_dw_conv_0_Conv total cycles (32767 Hz) (repeat=10): 6686
features_features_1_pw_conv_linear_pw_conv_linear_0_Conv total cycles (32767 Hz) (repeat=10): 8089
features_features_2_pw_conv_pw_conv_0_Conv total cycles (32767 Hz) (repeat=10): 48538
features_features_2_dw_conv_dw_conv_0_Conv total cycles (32767 Hz) (repeat=10): 12581
features_features_2_pw_conv_linear_pw_conv_linear_0_Conv total cycles (32767 Hz) (repeat=10): 16245
features_features_3_pw_conv_pw_conv_0_Conv total cycles (32767 Hz) (repeat=10): 16549
features_features_3_dw_conv_dw_conv_0_Conv total cycles (32767 Hz) (repeat=10): 4604
features_features_3_pw_conv_linear_pw_conv_linear_0_Conv total cycles (32767 Hz) (repeat=10): 6605
features_features_4_pw_conv_pw_conv_0_Conv total cycles (32767 Hz) (repeat=10): 6753
features_features_4_dw_conv_dw_conv_0_Conv total cycles (32767 Hz) (repeat=10): 2399
features_features_4_pw_conv_linear_pw_conv_linear_0_Conv total cycles (32767 Hz) (repeat=10): 7048
features_features_5_pw_conv_pw_conv_0_Conv total cycles (32767 Hz) (repeat=10): 14276
features_features_5_dw_conv_dw_conv_0_Conv total cycles (32767 Hz) (repeat=10): 2947
features_features_5_pw_conv_linear_pw_conv_linear_0_Conv total cycles (32767 Hz) (repeat=10): 14065
features_features_6_pw_conv_pw_conv_0_Conv total cycles (32767 Hz) (repeat=10): 14270
features_features_6_dw_conv_dw_conv_0_Conv total cycles (32767 Hz) (repeat=10): 3210
features_features_6_pw_conv_linear_pw_conv_linear_0_Conv total cycles (32767 Hz) (repeat=10): 21016
conv_block_block_0_Conv total cycles (32767 Hz) (repeat=10): 35363
classifier_Gemm total cycles (32767 Hz) (repeat=10): 12

total cycles (32767 Hz) (repeat=10): 306760

Test DS_CNN

conv1_Conv total cycles (32767 Hz) (repeat=10): 87354
block1_dw_conv_Conv total cycles (32767 Hz) (repeat=10): 15987
block1_pw_conv_Conv total cycles (32767 Hz) (repeat=10): 299304
block2_dw_conv_Conv total cycles (32767 Hz) (repeat=10): 16023
block2_pw_conv_Conv total cycles (32767 Hz) (repeat=10): 299486
block3_dw_conv_Conv total cycles (32767 Hz) (repeat=10): 15984
block3_pw_conv_Conv total cycles (32767 Hz) (repeat=10): 299365
block4_dw_conv_Conv total cycles (32767 Hz) (repeat=10): 16329
block4_pw_conv_Conv total cycles (32767 Hz) (repeat=10): 299419
classifier_Gemm total cycles (32767 Hz) (repeat=10): 33

total cycles (32767 Hz) (repeat=10): 1349284

Test LeNet

conv1_Conv total cycles (32767 Hz) (repeat=10): 8710
conv2_Conv total cycles (32767 Hz) (repeat=10): 24215
conv3_Conv total cycles (32767 Hz) (repeat=10): 27191
fc1_Gemm total cycles (32767 Hz) (repeat=10): 388
fc2_Gemm total cycles (32767 Hz) (repeat=10): 36

total cycles (32767 Hz) (repeat=10): 60540

Test MLPClassifier

conv1_Conv total cycles (32767 Hz) (repeat=10): 6749
fc1_Gemm total cycles (32767 Hz) (repeat=10): 1514
fc2_Gemm total cycles (32767 Hz) (repeat=10): 848
fc3_Gemm total cycles (32767 Hz) (repeat=10): 389
fc4_Gemm total cycles (32767 Hz) (repeat=10): 35

total cycles (32767 Hz) (repeat=10): 9535
