Test ResNet3

conv1_Conv total cycles (32767 Hz) (repeat=10): 32714
layer1_layer1_0_conv1_Conv total cycles (32767 Hz) (repeat=10): 108169
layer1_layer1_0_conv2_Conv total cycles (32767 Hz) (repeat=10): 107531
layer2_layer2_0_shortcut_shortcut_0_Conv total cycles (32767 Hz) (repeat=10): 38092
layer2_layer2_0_conv1_Conv total cycles (32767 Hz) (repeat=10): 129341
layer2_layer2_0_conv2_Conv total cycles (32767 Hz) (repeat=10): 144237
layer3_layer3_0_shortcut_shortcut_0_Conv total cycles (32767 Hz) (repeat=10): 56916
layer3_layer3_0_conv1_Conv total cycles (32767 Hz) (repeat=10): 187848
layer3_layer3_0_conv2_Conv total cycles (32767 Hz) (repeat=10): 217131
linear_Gemm total cycles (32767 Hz) (repeat=10): 26

total cycles (32767 Hz) (repeat=10): 1022005

Test MobileNetV2

features_features_0_block_block_0_Conv total cycles (32767 Hz) (repeat=10): 71482
features_features_1_dw_conv_dw_conv_0_Conv total cycles (32767 Hz) (repeat=10): 7781
features_features_1_pw_conv_linear_pw_conv_linear_0_Conv total cycles (32767 Hz) (repeat=10): 9486
features_features_2_pw_conv_pw_conv_0_Conv total cycles (32767 Hz) (repeat=10): 56887
features_features_2_dw_conv_dw_conv_0_Conv total cycles (32767 Hz) (repeat=10): 16031
features_features_2_pw_conv_linear_pw_conv_linear_0_Conv total cycles (32767 Hz) (repeat=10): 20174
features_features_3_pw_conv_pw_conv_0_Conv total cycles (32767 Hz) (repeat=10): 20597
features_features_3_dw_conv_dw_conv_0_Conv total cycles (32767 Hz) (repeat=10): 6495
features_features_3_pw_conv_linear_pw_conv_linear_0_Conv total cycles (32767 Hz) (repeat=10): 9556
features_features_4_pw_conv_pw_conv_0_Conv total cycles (32767 Hz) (repeat=10): 9799
features_features_4_dw_conv_dw_conv_0_Conv total cycles (32767 Hz) (repeat=10): 3558
features_features_4_pw_conv_linear_pw_conv_linear_0_Conv total cycles (32767 Hz) (repeat=10): 10851
features_features_5_pw_conv_pw_conv_0_Conv total cycles (32767 Hz) (repeat=10): 22156
features_features_5_dw_conv_dw_conv_0_Conv total cycles (32767 Hz) (repeat=10): 4857
features_features_5_pw_conv_linear_pw_conv_linear_0_Conv total cycles (32767 Hz) (repeat=10): 21816
features_features_6_pw_conv_pw_conv_0_Conv total cycles (32767 Hz) (repeat=10): 22167
features_features_6_dw_conv_dw_conv_0_Conv total cycles (32767 Hz) (repeat=10): 4852
features_features_6_pw_conv_linear_pw_conv_linear_0_Conv total cycles (32767 Hz) (repeat=10): 32780
conv_block_block_0_Conv total cycles (32767 Hz) (repeat=10): 54638
classifier_Gemm total cycles (32767 Hz) (repeat=10): 12

total cycles (32767 Hz) (repeat=10): 405975

Test DS_CNN

conv1_Conv total cycles (32767 Hz) (repeat=10): 121259
block1_dw_conv_Conv total cycles (32767 Hz) (repeat=10): 22367
block1_pw_conv_Conv total cycles (32767 Hz) (repeat=10): 426745
block2_dw_conv_Conv total cycles (32767 Hz) (repeat=10): 22397
block2_pw_conv_Conv total cycles (32767 Hz) (repeat=10): 424043
block3_dw_conv_Conv total cycles (32767 Hz) (repeat=10): 22356
block3_pw_conv_Conv total cycles (32767 Hz) (repeat=10): 427352
block4_dw_conv_Conv total cycles (32767 Hz) (repeat=10): 22760
block4_pw_conv_Conv total cycles (32767 Hz) (repeat=10): 424161
classifier_Gemm total cycles (32767 Hz) (repeat=10): 36

total cycles (32767 Hz) (repeat=10): 1913476

Test LeNet

conv1_Conv total cycles (32767 Hz) (repeat=10): 9936
conv2_Conv total cycles (32767 Hz) (repeat=10): 32009
conv3_Conv total cycles (32767 Hz) (repeat=10): 42876
fc1_Gemm total cycles (32767 Hz) (repeat=10): 403
fc2_Gemm total cycles (32767 Hz) (repeat=10): 39

total cycles (32767 Hz) (repeat=10): 85263

Test MLPClassifier

conv1_Conv total cycles (32767 Hz) (repeat=10): 7830
fc1_Gemm total cycles (32767 Hz) (repeat=10): 1514
fc2_Gemm total cycles (32767 Hz) (repeat=10): 848
fc3_Gemm total cycles (32767 Hz) (repeat=10): 403
fc4_Gemm total cycles (32767 Hz) (repeat=10): 38

total cycles (32767 Hz) (repeat=10): 10633

