============== Input ==============


============== Output of conv1 ==============

total time: 29562

============== Output of Relu ==============

total time: 738

============== Output of pool1_AveragePool ==============

total time: 1856

============== Output of conv2 ==============

total time: 53183

============== Output of Relu_1 ==============

total time: 251

============== Output of pool2_AveragePool ==============

total time: 647

============== Output of conv3 ==============

total time: 13901

============== Output of Relu_2 ==============

total time: 19

============== Output of Flatten ==============


============== Output of fc1 ==============

total time: 667

============== Output of Relu_3 ==============

total time: 13

============== Output of fc2 ==============

total time: 52
Got 0, Expecting: 7
@@@@