Test LeNet


============== Input ==============


============== Output of conv1 ==============

total time: 25183

============== Output of Relu ==============

total time: 738

============== Output of pool1_AveragePool ==============

total time: 1855

============== Output of conv2 ==============

total time: 38264

============== Output of Relu_1 ==============

total time: 250

============== Output of pool2_AveragePool ==============

total time: 646

============== Output of conv3 ==============

total time: 18218

============== Output of Relu_2 ==============

total time: 19

============== Output of Flatten ==============


============== Output of fc1 ==============

total time: 755

============== Output of Relu_3 ==============

total time: 13

============== Output of fc2 ==============

total time: 57
Got 0, Expecting: 7
@@@@