Test LeNet


============== Input ==============


============== Output of conv1 ==============

total time: 11549

============== Output of Relu ==============

total time: 395

============== Output of pool1_AveragePool ==============

total time: 1113

============== Output of conv2 ==============

total time: 17618

============== Output of Relu_1 ==============

total time: 134

============== Output of pool2_AveragePool ==============

total time: 387

============== Output of conv3 ==============

total time: 7882

============== Output of Relu_2 ==============

total time: 9

============== Output of Flatten ==============


============== Output of fc1 ==============

total time: 375

============== Output of Relu_3 ==============

total time: 7

============== Output of fc2 ==============

total time: 29
Got 9, Expecting: 7
@@@@