Test LeNet


============== Input ==============


============== Output of conv1 ==============

total time: 9661

============== Output of Relu ==============

total time: 738

============== Output of pool1_AveragePool ==============

total time: 1856

============== Output of conv2 ==============

total time: 27632

============== Output of Relu_1 ==============

total time: 251

============== Output of pool2_AveragePool ==============

total time: 647

============== Output of conv3 ==============

total time: 52107

============== Output of Relu_2 ==============

total time: 19

============== Output of Flatten ==============


============== Output of fc1 ==============

total time: 666

============== Output of Relu_3 ==============

total time: 12

============== Output of fc2 ==============

total time: 52
Got 4, Expecting: 7
@@@@