Test LeNet


============== Input ==============


============== Output of conv1 ==============

total time: 18020

============== Output of Relu ==============

total time: 409

============== Output of pool1_AveragePool ==============

total time: 1118

============== Output of conv2 ==============

total time: 32684

============== Output of Relu_1 ==============

total time: 139

============== Output of pool2_AveragePool ==============

total time: 389

============== Output of conv3 ==============

total time: 13421

============== Output of Relu_2 ==============

total time: 10

============== Output of Flatten ==============


============== Output of fc1 ==============

total time: 392

============== Output of Relu_3 ==============

total time: 6

============== Output of fc2 ==============

total time: 29
Got 9, Expecting: 7
@@@@